GROUP,PACKAGE,CLASS,INSTRUCTION_MISSED,INSTRUCTION_COVERED,BRANCH_MISSED,BRANCH_COVERED,LINE_MISSED,LINE_COVERED,COMPLEXITY_MISSED,COMPLEXITY_COVERED,METHOD_MISSED,METHOD_COVERED
cc,default,fileRetrieval,7,52,0,2,3,13,0,5,0,4
cc,default,urlRetrieve,14,94,4,6,2,26,4,4,0,3
cc,default,Filter,30,172,1,5,11,47,5,16,4,14
cc,default,fileCompare,85,64,5,5,13,11,3,4,0,2
cc,default,run,259,0,6,0,49,0,7,0,4,0
cc,default,fileManagment,4,82,1,3,3,19,1,4,0,3
cc,default,fileRetrieval.new FilenameFilter() {...},0,14,0,0,0,2,0,2,0,2
